[debug] [2024-12-19T17:52:22.392Z] ----------------------------------------------------------------------
[debug] [2024-12-19T17:52:22.393Z] Command:       /usr/local/share/nvm/versions/node/v20.18.1/bin/node /home/codespace/nvm/current/bin/firebase init
[debug] [2024-12-19T17:52:22.394Z] CLI Version:   13.29.1
[debug] [2024-12-19T17:52:22.394Z] Platform:      linux
[debug] [2024-12-19T17:52:22.394Z] Node Version:  v20.18.1
[debug] [2024-12-19T17:52:22.394Z] Time:          Thu Dec 19 2024 17:52:22 GMT+0000 (Coordinated Universal Time)
[debug] [2024-12-19T17:52:22.394Z] Env Overrides: GITHUB_API_URL, GITHUB_API_URL
[debug] [2024-12-19T17:52:22.394Z] ----------------------------------------------------------------------
[debug] 
[debug] [2024-12-19T17:52:22.399Z] > command requires scopes: ["email","openid","https://www.googleapis.com/auth/cloudplatformprojects.readonly","https://www.googleapis.com/auth/firebase","https://www.googleapis.com/auth/cloud-platform"]
[debug] [2024-12-19T17:52:22.400Z] > authorizing via signed-in user (cankala1976@gmail.com)
[info] 
     ######## #### ########  ######## ########     ###     ######  ########
     ##        ##  ##     ## ##       ##     ##  ##   ##  ##       ##
     ######    ##  ########  ######   ########  #########  ######  ######
     ##        ##  ##    ##  ##       ##     ## ##     ##       ## ##
     ##       #### ##     ## ######## ########  ##     ##  ######  ########

You're about to initialize a Firebase project in this directory:

  /workspaces/react-portfolio-papa

Before we get started, keep in mind:

  * You are currently outside your home directory

[info] 
=== Project Setup
[info] 
[info] First, let's associate this project directory with a Firebase project.
[info] You can create multiple project aliases by running firebase use --add, 
[info] but for now we'll just set up a default project.
[info] 
[debug] [2024-12-19T17:52:36.735Z] Checked if tokens are valid: true, expires at: 1734633665094
[debug] [2024-12-19T17:52:36.736Z] Checked if tokens are valid: true, expires at: 1734633665094
[debug] [2024-12-19T17:52:36.737Z] >>> [apiv2][query] GET https://firebase.googleapis.com/v1beta1/projects pageSize=100
[debug] [2024-12-19T17:52:37.220Z] <<< [apiv2][status] GET https://firebase.googleapis.com/v1beta1/projects 200
[debug] [2024-12-19T17:52:37.220Z] <<< [apiv2][body] GET https://firebase.googleapis.com/v1beta1/projects [omitted]
[info] i  Using project react-portfolio-a26d6 (React portfolio) 
[info] 
=== Hosting Setup
[debug] [2024-12-19T17:52:58.175Z] Checked if tokens are valid: true, expires at: 1734633665094
[debug] [2024-12-19T17:52:58.175Z] Checked if tokens are valid: true, expires at: 1734633665094
[debug] [2024-12-19T17:52:58.175Z] >>> [apiv2][query] GET https://firebase.googleapis.com/v1beta1/projects/react-portfolio-a26d6 [none]
[debug] [2024-12-19T17:52:58.371Z] <<< [apiv2][status] GET https://firebase.googleapis.com/v1beta1/projects/react-portfolio-a26d6 200
[debug] [2024-12-19T17:52:58.372Z] <<< [apiv2][body] GET https://firebase.googleapis.com/v1beta1/projects/react-portfolio-a26d6 {"projectId":"react-portfolio-a26d6","projectNumber":"109131853164","displayName":"React portfolio","name":"projects/react-portfolio-a26d6","resources":{"hostingSite":"react-portfolio-a26d6"},"state":"ACTIVE","etag":"1_f9f7f52d-7b31-4dd3-8428-8694452e8d0f"}
[info] 
[info] Your public directory is the folder (relative to your project directory) that
[info] will contain Hosting assets to be uploaded with firebase deploy. If you
[info] have a build process for your assets, use your build's output directory.
[info] 
[info] ✔  Wrote y/404.html 
[debug] [2024-12-19T17:53:19.742Z] >>> [apiv2][query] GET https://www.gstatic.com/firebasejs/releases.json [none]
[debug] [2024-12-19T17:53:19.764Z] <<< [apiv2][status] GET https://www.gstatic.com/firebasejs/releases.json 200
[debug] [2024-12-19T17:53:19.764Z] <<< [apiv2][body] GET https://www.gstatic.com/firebasejs/releases.json {"current":{"version":"11.1.0","browserURL":"https://www.gstatic.com/firebasejs/11.1.0/firebase.js","packageURL":"https://www.gstatic.com/firebasejs/11.1.0/firebase.tgz"},"live":{"version":"11.1","browserURL":"https://www.gstatic.com/firebasejs/live/11.1/firebase.js","packageURL":"https://www.gstatic.com/firebasejs/live/11.1/firebase.tgz"},"components":{"analytics":"https://www.gstatic.com/firebasejs/11.1.0/firebase-analytics.js","app":"https://www.gstatic.com/firebasejs/11.1.0/firebase-app.js","app-check":"https://www.gstatic.com/firebasejs/11.1.0/firebase-app-check.js","auth":"https://www.gstatic.com/firebasejs/11.1.0/firebase-auth.js","auth/cordova":"https://www.gstatic.com/firebasejs/11.1.0/firebase-auth/cordova.js","auth/web-extension":"https://www.gstatic.com/firebasejs/11.1.0/firebase-auth/web-extension.js","functions":"https://www.gstatic.com/firebasejs/11.1.0/firebase-functions.js","firestore":"https://www.gstatic.com/firebasejs/11.1.0/firebase-firestore.js","firestore/lite":"https://www.gstatic.com/firebasejs/11.1.0/firebase-firestore/lite.js","installations":"https://www.gstatic.com/firebasejs/11.1.0/firebase-installations.js","storage":"https://www.gstatic.com/firebasejs/11.1.0/firebase-storage.js","performance":"https://www.gstatic.com/firebasejs/11.1.0/firebase-performance.js","remote-config":"https://www.gstatic.com/firebasejs/11.1.0/firebase-remote-config.js","messaging":"https://www.gstatic.com/firebasejs/11.1.0/firebase-messaging.js","messaging/sw":"https://www.gstatic.com/firebasejs/11.1.0/firebase-messaging/sw.js","database":"https://www.gstatic.com/firebasejs/11.1.0/firebase-database.js","vertexai":"https://www.gstatic.com/firebasejs/11.1.0/firebase-vertexai.js","data-connect":"https://www.gstatic.com/firebasejs/11.1.0/firebase-data-connect.js","firestore.memory":"https://www.gstatic.com/firebasejs/11.1.0/firebase-firestore.memory.js"}}
[info] i  y/index.html is unchanged 
[info] 
[info] i  Detected a .git folder at /workspaces/react-portfolio-papa 
[info] i  Authorizing with GitHub to upload your service account to a GitHub repository's secrets store. 
[info] 
[info] Visit this URL on this device to log in:
[info] https://github.com/login/oauth/authorize?client_id=89cf50f02ac6aaed3484&state=132460910&redirect_uri=http%3A%2F%2Flocalhost%3A9005&scope=read%3Auser%20repo%20public_repo
[info] 
[info] Waiting for authentication...
